<?xml version="1.0" encoding="UTF-8"?>
<!-- Generated by org.testng.reporters.JUnitReportReporter -->
<testsuite skipped="0" hostname="DESKTOP-LQ332S6" name="com.qa.linkedin.Testcases.SearchDataDrivenTest" tests="1" failures="0" timestamp="2021-02-13T10:47:11 IST" time="10.924" errors="0">
  <testcase name="searchDataDrivenTest" time="10.924" classname="com.qa.linkedin.Testcases.SearchDataDrivenTest"/>
</testsuite> <!-- com.qa.linkedin.Testcases.SearchDataDrivenTest -->
