<?xml version="1.0" encoding="UTF-8"?>
<!-- Generated by org.testng.reporters.JUnitReportReporter -->
<testsuite skipped="0" hostname="DESKTOP-LQ332S6" name="com.qa.linkedin.Testcases.SearchDataDrivenTest" tests="1" failures="0" timestamp="2021-02-14T19:42:09 IST" time="9.759" errors="0">
  <testcase name="searchDataDrivenTest" time="9.759" classname="com.qa.linkedin.Testcases.SearchDataDrivenTest"/>
</testsuite> <!-- com.qa.linkedin.Testcases.SearchDataDrivenTest -->
